CRITICAL - 2023-07-16 02:10:30 --> Undefined variable: jadwal
in APPPATH/Views/Jadwal/viewDetail.php on line 20.
 1 APPPATH/Views/Jadwal/viewDetail.php(20): CodeIgniter\Debug\Exceptions->errorHandler()
 2 SYSTEMPATH/View/View.php(224): include('/var/www/html/MyWork/uas/app/Views/Jadwal/viewDetail.php')
 3 SYSTEMPATH/View/View.php(227): CodeIgniter\View\View->CodeIgniter\View\{closure}()
 4 SYSTEMPATH/Common.php(1180): CodeIgniter\View\View->render()
 5 APPPATH/Controllers/Admin/JadwalController.php(54): view()
 6 SYSTEMPATH/CodeIgniter.php(932): App\Controllers\Admin\JadwalController->editJadwal()
 7 SYSTEMPATH/CodeIgniter.php(497): CodeIgniter\CodeIgniter->runController()
 8 SYSTEMPATH/CodeIgniter.php(366): CodeIgniter\CodeIgniter->handleRequest()
 9 FCPATH/index.php(67): CodeIgniter\CodeIgniter->run()
10 SYSTEMPATH/Commands/Server/rewrite.php(47): require_once('/var/www/html/MyWork/uas/public/index.php')
CRITICAL - 2023-07-16 02:11:05 --> Undefined variable: dosen
in APPPATH/Views/Jadwal/edit_jadwal.php on line 12.
 1 APPPATH/Views/Jadwal/edit_jadwal.php(12): CodeIgniter\Debug\Exceptions->errorHandler()
 2 SYSTEMPATH/View/View.php(224): include('/var/www/html/MyWork/uas/app/Views/Jadwal/edit_jadwal.php')
 3 SYSTEMPATH/View/View.php(227): CodeIgniter\View\View->CodeIgniter\View\{closure}()
 4 SYSTEMPATH/Common.php(1180): CodeIgniter\View\View->render()
 5 APPPATH/Controllers/Admin/JadwalController.php(54): view()
 6 SYSTEMPATH/CodeIgniter.php(932): App\Controllers\Admin\JadwalController->editJadwal()
 7 SYSTEMPATH/CodeIgniter.php(497): CodeIgniter\CodeIgniter->runController()
 8 SYSTEMPATH/CodeIgniter.php(366): CodeIgniter\CodeIgniter->handleRequest()
 9 FCPATH/index.php(67): CodeIgniter\CodeIgniter->run()
10 SYSTEMPATH/Commands/Server/rewrite.php(47): require_once('/var/www/html/MyWork/uas/public/index.php')
CRITICAL - 2023-07-16 02:11:20 --> Undefined property: mysqli::$nip
in APPPATH/Views/Jadwal/edit_jadwal.php on line 13.
 1 APPPATH/Views/Jadwal/edit_jadwal.php(13): CodeIgniter\Debug\Exceptions->errorHandler()
 2 SYSTEMPATH/View/View.php(224): include('/var/www/html/MyWork/uas/app/Views/Jadwal/edit_jadwal.php')
 3 SYSTEMPATH/View/View.php(227): CodeIgniter\View\View->CodeIgniter\View\{closure}()
 4 SYSTEMPATH/Common.php(1180): CodeIgniter\View\View->render()
 5 APPPATH/Controllers/Admin/JadwalController.php(54): view()
 6 SYSTEMPATH/CodeIgniter.php(932): App\Controllers\Admin\JadwalController->editJadwal()
 7 SYSTEMPATH/CodeIgniter.php(497): CodeIgniter\CodeIgniter->runController()
 8 SYSTEMPATH/CodeIgniter.php(366): CodeIgniter\CodeIgniter->handleRequest()
 9 FCPATH/index.php(67): CodeIgniter\CodeIgniter->run()
10 SYSTEMPATH/Commands/Server/rewrite.php(47): require_once('/var/www/html/MyWork/uas/public/index.php')
CRITICAL - 2023-07-16 02:13:29 --> Undefined property: mysqli::$nip
in APPPATH/Views/Jadwal/edit_jadwal.php on line 13.
 1 APPPATH/Views/Jadwal/edit_jadwal.php(13): CodeIgniter\Debug\Exceptions->errorHandler()
 2 SYSTEMPATH/View/View.php(224): include('/var/www/html/MyWork/uas/app/Views/Jadwal/edit_jadwal.php')
 3 SYSTEMPATH/View/View.php(227): CodeIgniter\View\View->CodeIgniter\View\{closure}()
 4 SYSTEMPATH/Common.php(1180): CodeIgniter\View\View->render()
 5 APPPATH/Controllers/Admin/JadwalController.php(54): view()
 6 SYSTEMPATH/CodeIgniter.php(932): App\Controllers\Admin\JadwalController->editJadwal()
 7 SYSTEMPATH/CodeIgniter.php(497): CodeIgniter\CodeIgniter->runController()
 8 SYSTEMPATH/CodeIgniter.php(366): CodeIgniter\CodeIgniter->handleRequest()
 9 FCPATH/index.php(67): CodeIgniter\CodeIgniter->run()
10 SYSTEMPATH/Commands/Server/rewrite.php(47): require_once('/var/www/html/MyWork/uas/public/index.php')
CRITICAL - 2023-07-16 02:14:33 --> Trying to get property 'nip' of non-object
in APPPATH/Views/Jadwal/edit_jadwal.php on line 13.
 1 APPPATH/Views/Jadwal/edit_jadwal.php(13): CodeIgniter\Debug\Exceptions->errorHandler()
 2 SYSTEMPATH/View/View.php(224): include('/var/www/html/MyWork/uas/app/Views/Jadwal/edit_jadwal.php')
 3 SYSTEMPATH/View/View.php(227): CodeIgniter\View\View->CodeIgniter\View\{closure}()
 4 SYSTEMPATH/Common.php(1180): CodeIgniter\View\View->render()
 5 APPPATH/Controllers/Admin/JadwalController.php(54): view()
 6 SYSTEMPATH/CodeIgniter.php(932): App\Controllers\Admin\JadwalController->editJadwal()
 7 SYSTEMPATH/CodeIgniter.php(497): CodeIgniter\CodeIgniter->runController()
 8 SYSTEMPATH/CodeIgniter.php(366): CodeIgniter\CodeIgniter->handleRequest()
 9 FCPATH/index.php(67): CodeIgniter\CodeIgniter->run()
10 SYSTEMPATH/Commands/Server/rewrite.php(47): require_once('/var/www/html/MyWork/uas/public/index.php')
CRITICAL - 2023-07-16 02:15:02 --> Undefined property: stdClass::$nama
in APPPATH/Views/Jadwal/edit_jadwal.php on line 13.
 1 APPPATH/Views/Jadwal/edit_jadwal.php(13): CodeIgniter\Debug\Exceptions->errorHandler()
 2 SYSTEMPATH/View/View.php(224): include('/var/www/html/MyWork/uas/app/Views/Jadwal/edit_jadwal.php')
 3 SYSTEMPATH/View/View.php(227): CodeIgniter\View\View->CodeIgniter\View\{closure}()
 4 SYSTEMPATH/Common.php(1180): CodeIgniter\View\View->render()
 5 APPPATH/Controllers/Admin/JadwalController.php(54): view()
 6 SYSTEMPATH/CodeIgniter.php(932): App\Controllers\Admin\JadwalController->editJadwal()
 7 SYSTEMPATH/CodeIgniter.php(497): CodeIgniter\CodeIgniter->runController()
 8 SYSTEMPATH/CodeIgniter.php(366): CodeIgniter\CodeIgniter->handleRequest()
 9 FCPATH/index.php(67): CodeIgniter\CodeIgniter->run()
10 SYSTEMPATH/Commands/Server/rewrite.php(47): require_once('/var/www/html/MyWork/uas/public/index.php')
CRITICAL - 2023-07-16 02:15:40 --> Trying to get property 'nip' of non-object
in APPPATH/Views/Jadwal/edit_jadwal.php on line 13.
 1 APPPATH/Views/Jadwal/edit_jadwal.php(13): CodeIgniter\Debug\Exceptions->errorHandler()
 2 SYSTEMPATH/View/View.php(224): include('/var/www/html/MyWork/uas/app/Views/Jadwal/edit_jadwal.php')
 3 SYSTEMPATH/View/View.php(227): CodeIgniter\View\View->CodeIgniter\View\{closure}()
 4 SYSTEMPATH/Common.php(1180): CodeIgniter\View\View->render()
 5 APPPATH/Controllers/Admin/JadwalController.php(54): view()
 6 SYSTEMPATH/CodeIgniter.php(932): App\Controllers\Admin\JadwalController->editJadwal()
 7 SYSTEMPATH/CodeIgniter.php(497): CodeIgniter\CodeIgniter->runController()
 8 SYSTEMPATH/CodeIgniter.php(366): CodeIgniter\CodeIgniter->handleRequest()
 9 FCPATH/index.php(67): CodeIgniter\CodeIgniter->run()
10 SYSTEMPATH/Commands/Server/rewrite.php(47): require_once('/var/www/html/MyWork/uas/public/index.php')
CRITICAL - 2023-07-16 02:18:58 --> Trying to get property 'nip' of non-object
in APPPATH/Views/Jadwal/edit_jadwal.php on line 13.
 1 APPPATH/Views/Jadwal/edit_jadwal.php(13): CodeIgniter\Debug\Exceptions->errorHandler()
 2 SYSTEMPATH/View/View.php(224): include('/var/www/html/MyWork/uas/app/Views/Jadwal/edit_jadwal.php')
 3 SYSTEMPATH/View/View.php(227): CodeIgniter\View\View->CodeIgniter\View\{closure}()
 4 SYSTEMPATH/Common.php(1180): CodeIgniter\View\View->render()
 5 APPPATH/Controllers/Admin/JadwalController.php(54): view()
 6 SYSTEMPATH/CodeIgniter.php(932): App\Controllers\Admin\JadwalController->editJadwal()
 7 SYSTEMPATH/CodeIgniter.php(497): CodeIgniter\CodeIgniter->runController()
 8 SYSTEMPATH/CodeIgniter.php(366): CodeIgniter\CodeIgniter->handleRequest()
 9 FCPATH/index.php(67): CodeIgniter\CodeIgniter->run()
10 SYSTEMPATH/Commands/Server/rewrite.php(47): require_once('/var/www/html/MyWork/uas/public/index.php')
CRITICAL - 2023-07-16 02:25:53 --> Undefined property: stdClass::$id_jadwal
in APPPATH/Views/Jadwal/edit_jadwal.php on line 22.
 1 APPPATH/Views/Jadwal/edit_jadwal.php(22): CodeIgniter\Debug\Exceptions->errorHandler()
 2 SYSTEMPATH/View/View.php(224): include('/var/www/html/MyWork/uas/app/Views/Jadwal/edit_jadwal.php')
 3 SYSTEMPATH/View/View.php(227): CodeIgniter\View\View->CodeIgniter\View\{closure}()
 4 SYSTEMPATH/Common.php(1180): CodeIgniter\View\View->render()
 5 APPPATH/Controllers/Admin/JadwalController.php(59): view()
 6 SYSTEMPATH/CodeIgniter.php(932): App\Controllers\Admin\JadwalController->editJadwal()
 7 SYSTEMPATH/CodeIgniter.php(497): CodeIgniter\CodeIgniter->runController()
 8 SYSTEMPATH/CodeIgniter.php(366): CodeIgniter\CodeIgniter->handleRequest()
 9 FCPATH/index.php(67): CodeIgniter\CodeIgniter->run()
10 SYSTEMPATH/Commands/Server/rewrite.php(47): require_once('/var/www/html/MyWork/uas/public/index.php')
CRITICAL - 2023-07-16 02:26:30 --> Undefined property: stdClass::$id_mk
in APPPATH/Views/Jadwal/edit_jadwal.php on line 22.
 1 APPPATH/Views/Jadwal/edit_jadwal.php(22): CodeIgniter\Debug\Exceptions->errorHandler()
 2 SYSTEMPATH/View/View.php(224): include('/var/www/html/MyWork/uas/app/Views/Jadwal/edit_jadwal.php')
 3 SYSTEMPATH/View/View.php(227): CodeIgniter\View\View->CodeIgniter\View\{closure}()
 4 SYSTEMPATH/Common.php(1180): CodeIgniter\View\View->render()
 5 APPPATH/Controllers/Admin/JadwalController.php(59): view()
 6 SYSTEMPATH/CodeIgniter.php(932): App\Controllers\Admin\JadwalController->editJadwal()
 7 SYSTEMPATH/CodeIgniter.php(497): CodeIgniter\CodeIgniter->runController()
 8 SYSTEMPATH/CodeIgniter.php(366): CodeIgniter\CodeIgniter->handleRequest()
 9 FCPATH/index.php(67): CodeIgniter\CodeIgniter->run()
10 SYSTEMPATH/Commands/Server/rewrite.php(47): require_once('/var/www/html/MyWork/uas/public/index.php')
CRITICAL - 2023-07-16 02:32:12 --> Undefined property: stdClass::$hari
in APPPATH/Views/Jadwal/edit_jadwal.php on line 29.
 1 APPPATH/Views/Jadwal/edit_jadwal.php(29): CodeIgniter\Debug\Exceptions->errorHandler()
 2 SYSTEMPATH/View/View.php(224): include('/var/www/html/MyWork/uas/app/Views/Jadwal/edit_jadwal.php')
 3 SYSTEMPATH/View/View.php(227): CodeIgniter\View\View->CodeIgniter\View\{closure}()
 4 SYSTEMPATH/Common.php(1180): CodeIgniter\View\View->render()
 5 APPPATH/Controllers/Admin/JadwalController.php(59): view()
 6 SYSTEMPATH/CodeIgniter.php(932): App\Controllers\Admin\JadwalController->editJadwal()
 7 SYSTEMPATH/CodeIgniter.php(497): CodeIgniter\CodeIgniter->runController()
 8 SYSTEMPATH/CodeIgniter.php(366): CodeIgniter\CodeIgniter->handleRequest()
 9 FCPATH/index.php(67): CodeIgniter\CodeIgniter->run()
10 SYSTEMPATH/Commands/Server/rewrite.php(47): require_once('/var/www/html/MyWork/uas/public/index.php')
CRITICAL - 2023-07-16 02:40:23 --> Undefined variable: elemen
in APPPATH/Views/Jadwal/edit_jadwal.php on line 31.
 1 APPPATH/Views/Jadwal/edit_jadwal.php(31): CodeIgniter\Debug\Exceptions->errorHandler()
 2 SYSTEMPATH/View/View.php(224): include('/var/www/html/MyWork/uas/app/Views/Jadwal/edit_jadwal.php')
 3 SYSTEMPATH/View/View.php(227): CodeIgniter\View\View->CodeIgniter\View\{closure}()
 4 SYSTEMPATH/Common.php(1180): CodeIgniter\View\View->render()
 5 APPPATH/Controllers/Admin/JadwalController.php(59): view()
 6 SYSTEMPATH/CodeIgniter.php(932): App\Controllers\Admin\JadwalController->editJadwal()
 7 SYSTEMPATH/CodeIgniter.php(497): CodeIgniter\CodeIgniter->runController()
 8 SYSTEMPATH/CodeIgniter.php(366): CodeIgniter\CodeIgniter->handleRequest()
 9 FCPATH/index.php(67): CodeIgniter\CodeIgniter->run()
10 SYSTEMPATH/Commands/Server/rewrite.php(47): require_once('/var/www/html/MyWork/uas/public/index.php')
